{"level":"info","message":"API Request","meta":{"method":"POST","responseTime":"4.549 ms","status":"404","url":"/","userId":"Anonymous"},"timestamp":"2025-02-12T06:01:26.392Z"}
{"level":"info","message":"API Request","meta":{"method":"GET","responseTime":"8.315 ms","status":"200","url":"/","userId":"Anonymous"},"timestamp":"2025-02-12T06:02:22.000Z"}
{"level":"info","message":"API Request","meta":{"method":"POST","responseTime":"18.346 ms","status":"422","url":"/auth/register","userId":"Anonymous"},"timestamp":"2025-02-12T07:29:42.843Z"}
{"level":"info","message":"API Request","meta":{"method":"POST","responseTime":"3.636 ms","status":"422","url":"/auth/register","userId":"Anonymous"},"timestamp":"2025-02-12T07:31:59.481Z"}
{"level":"info","message":"API Request","meta":{"method":"POST","responseTime":"1.339 ms","status":"422","url":"/auth/register","userId":"Anonymous"},"timestamp":"2025-02-12T07:32:09.490Z"}
{"level":"info","message":"API Request","meta":{"method":"POST","responseTime":"8.526 ms","status":"422","url":"/auth/register","userId":"Anonymous"},"timestamp":"2025-02-12T07:32:53.360Z"}
{"level":"info","message":"API Request","meta":{"method":"POST","responseTime":"10.236 ms","status":"422","url":"/auth/register","userId":"Anonymous"},"timestamp":"2025-02-12T07:33:24.318Z"}
{"level":"info","message":"API Request","meta":{"method":"POST","responseTime":"9.035 ms","status":"422","url":"/auth/register","userId":"Anonymous"},"timestamp":"2025-02-12T07:33:41.194Z"}
{"level":"info","message":"API Request","meta":{"method":"POST","responseTime":"12.915 ms","status":"422","url":"/auth/register","userId":"Anonymous"},"timestamp":"2025-02-12T07:33:56.421Z"}
{"level":"info","message":"API Request","meta":{"method":"POST","responseTime":"50.539 ms","status":"500","url":"/auth/register","userId":"Anonymous"},"timestamp":"2025-02-12T07:34:20.387Z"}
{"level":"info","message":"API Request","meta":{"method":"POST","responseTime":"64.439 ms","status":"200","url":"/auth/register","userId":"Anonymous"},"timestamp":"2025-02-12T07:35:47.326Z"}
{"level":"info","message":"API Request","meta":{"method":"POST","responseTime":"53.881 ms","status":"200","url":"/auth/register","userId":"Anonymous"},"timestamp":"2025-02-12T07:37:18.495Z"}
{"level":"info","message":"API Request","meta":{"method":"POST","responseTime":"4.648 ms","status":"422","url":"/auth/login","userId":"Anonymous"},"timestamp":"2025-02-12T08:23:08.841Z"}
{"level":"info","message":"API Request","meta":{"method":"POST","responseTime":"13.066 ms","status":"400","url":"/auth/login","userId":"Anonymous"},"timestamp":"2025-02-12T08:23:23.146Z"}
{"level":"info","message":"API Request","meta":{"method":"POST","responseTime":"11.324 ms","status":"500","url":"/auth/login","userId":"Anonymous"},"timestamp":"2025-02-12T08:23:35.487Z"}
{"level":"info","message":"API Request","meta":{"method":"POST","responseTime":"76.852 ms","status":"200","url":"/auth/login","userId":"Anonymous"},"timestamp":"2025-02-12T08:24:15.209Z"}
{"level":"info","message":"API Request","meta":{"method":"POST","responseTime":"2.548 ms","status":"404","url":"/auth/getNewAccessToken","userId":"Anonymous"},"timestamp":"2025-02-12T08:34:42.869Z"}
{"level":"info","message":"API Request","meta":{"method":"POST","responseTime":"4.632 ms","status":"401","url":"/auth/getNewAccessToken","userId":"Anonymous"},"timestamp":"2025-02-12T08:35:41.566Z"}
{"level":"info","message":"API Request","meta":{"method":"POST","responseTime":"79.543 ms","status":"200","url":"/auth/login","userId":"Anonymous"},"timestamp":"2025-02-12T08:38:33.181Z"}
{"level":"info","message":"API Request","meta":{"method":"POST","responseTime":"1.498 ms","status":"401","url":"/auth/getNewAccessToken","userId":"Anonymous"},"timestamp":"2025-02-12T08:39:04.863Z"}
{"level":"info","message":"API Request","meta":{"method":"POST","responseTime":"14170.234 ms","status":"401","url":"/auth/getNewAccessToken","userId":"Anonymous"},"timestamp":"2025-02-12T08:41:59.838Z"}
{"level":"info","message":"API Request","meta":{"method":"POST","responseTime":"2.366 ms","status":"401","url":"/auth/getNewAccessToken","userId":"Anonymous"},"timestamp":"2025-02-12T08:42:23.055Z"}
{"level":"info","message":"API Request","meta":{"method":"POST","responseTime":"3005.155 ms","status":"401","url":"/auth/getNewAccessToken","userId":"Anonymous"},"timestamp":"2025-02-12T08:43:02.025Z"}
{"level":"info","message":"API Request","meta":{"method":"POST","responseTime":"1.006 ms","status":"401","url":"/auth/getNewAccessToken","userId":"Anonymous"},"timestamp":"2025-02-12T08:45:51.702Z"}
{"level":"info","message":"API Request","meta":{"method":"POST","responseTime":"20.399 ms","status":"500","url":"/auth/getNewAccessToken","userId":"Anonymous"},"timestamp":"2025-02-12T08:55:49.488Z"}
{"level":"info","message":"API Request","meta":{"method":"POST","responseTime":"79.483 ms","status":"200","url":"/auth/login","userId":"Anonymous"},"timestamp":"2025-02-12T09:13:48.610Z"}
{"level":"info","message":"API Request","meta":{"method":"POST","responseTime":"13.437 ms","status":"500","url":"/auth/getNewAccessToken","userId":"Anonymous"},"timestamp":"2025-02-12T09:14:14.769Z"}
{"level":"info","message":"API Request","meta":{"method":"POST","responseTime":"65.595 ms","status":"200","url":"/auth/login","userId":"Anonymous"},"timestamp":"2025-02-12T09:17:07.172Z"}
{"level":"info","message":"API Request","meta":{"method":"POST","responseTime":"9.941 ms","status":"500","url":"/auth/getNewAccessToken","userId":"Anonymous"},"timestamp":"2025-02-12T09:17:28.134Z"}
{"level":"info","message":"API Request","meta":{"method":"POST","responseTime":"64.705 ms","status":"200","url":"/auth/login","userId":"Anonymous"},"timestamp":"2025-02-12T11:29:41.566Z"}
{"level":"info","message":"API Request","meta":{"method":"POST","responseTime":"9.529 ms","status":"500","url":"/auth/getNewAccessToken","userId":"Anonymous"},"timestamp":"2025-02-12T11:30:27.689Z"}
{"level":"info","message":"API Request","meta":{"method":"POST","responseTime":"41.687 ms","status":"500","url":"/auth/getNewAccessToken","userId":"Anonymous"},"timestamp":"2025-02-12T11:31:08.000Z"}
{"level":"info","message":"API Request","meta":{"method":"POST","responseTime":"57.895 ms","status":"200","url":"/auth/getNewAccessToken","userId":"Anonymous"},"timestamp":"2025-02-12T11:35:18.692Z"}
{"level":"info","message":"API Request","meta":{"method":"POST","responseTime":"31.838 ms","status":"200","url":"/auth/login","userId":"Anonymous"},"timestamp":"2025-02-12T11:35:43.654Z"}
{"level":"info","message":"API Request","meta":{"method":"POST","responseTime":"50.885 ms","status":"500","url":"/auth/logout","userId":"Anonymous"},"timestamp":"2025-02-12T11:37:57.721Z"}
{"level":"info","message":"API Request","meta":{"method":"POST","responseTime":"34.629 ms","status":"200","url":"/auth/login","userId":"Anonymous"},"timestamp":"2025-02-12T11:38:32.300Z"}
{"level":"info","message":"API Request","meta":{"method":"POST","responseTime":"27.603 ms","status":"200","url":"/auth/register","userId":"Anonymous"},"timestamp":"2025-02-12T11:38:56.845Z"}
{"level":"info","message":"API Request","meta":{"method":"POST","responseTime":"45.473 ms","status":"500","url":"/auth/logout","userId":"Anonymous"},"timestamp":"2025-02-12T11:40:38.343Z"}
{"level":"info","message":"API Request","meta":{"method":"POST","responseTime":"64.625 ms","status":"200","url":"/auth/getNewAccessToken","userId":"Anonymous"},"timestamp":"2025-02-12T11:42:37.243Z"}
{"level":"info","message":"API Request","meta":{"method":"POST","responseTime":"8595.304 ms","status":"500","url":"/auth/logout","userId":"Anonymous"},"timestamp":"2025-02-12T11:43:07.057Z"}
{"level":"info","message":"API Request","meta":{"method":"POST","responseTime":"62.445 ms","status":"200","url":"/auth/getNewAccessToken","userId":"Anonymous"},"timestamp":"2025-02-12T11:43:59.981Z"}
{"level":"info","message":"API Request","meta":{"method":"POST","responseTime":"23.938 ms","status":"200","url":"/auth/login","userId":"Anonymous"},"timestamp":"2025-02-12T11:45:39.294Z"}
{"level":"info","message":"API Request","meta":{"method":"POST","responseTime":"94.605 ms","status":"200","url":"/auth/login","userId":"Anonymous"},"timestamp":"2025-02-12T11:48:03.673Z"}
{"level":"info","message":"API Request","meta":{"method":"POST","responseTime":"77.572 ms","status":"200","url":"/auth/login","userId":"Anonymous"},"timestamp":"2025-02-12T11:58:27.239Z"}
